{"contracts/DoubleDepositEscrow.sol":{"l":{"14":67,"15":66,"16":66,"17":66,"18":66,"19":66,"20":66,"21":66,"25":11,"26":10,"27":9,"28":8,"32":11,"33":10,"34":9,"35":8,"39":10,"40":9,"41":8,"42":6,"43":5,"45":5,"46":3,"47":3},"path":"/Users/felix.nyabwari/School - MDX/Dissertation/DTechnical/escrow/contracts/DoubleDepositEscrow.sol","s":{"1":67,"2":11,"3":10,"4":9,"5":11,"6":10,"7":9,"8":10,"9":9,"10":8,"11":6,"12":5,"13":3,"14":3},"b":{"1":[66,1],"2":[10,1],"3":[9,1],"4":[8,1],"5":[10,1],"6":[9,1],"7":[8,1],"8":[9,1],"9":[8,1],"10":[6,2],"11":[5,1],"12":[3,2],"13":[3,0],"14":[2,1]},"f":{"1":67,"2":11,"3":11,"4":10},"fnMap":{"1":{"name":"constructor","line":13,"loc":{"start":{"line":13,"column":4},"end":{"line":22,"column":4}}},"2":{"name":"buyer_deposit","line":24,"loc":{"start":{"line":24,"column":4},"end":{"line":29,"column":4}}},"3":{"name":"seller_deposit","line":31,"loc":{"start":{"line":31,"column":4},"end":{"line":36,"column":4}}},"4":{"name":"approve","line":38,"loc":{"start":{"line":38,"column":4},"end":{"line":48,"column":4}}}},"statementMap":{"1":{"start":{"line":14,"column":8},"end":{"line":14,"column":101}},"2":{"start":{"line":25,"column":8},"end":{"line":25,"column":62}},"3":{"start":{"line":26,"column":8},"end":{"line":26,"column":63}},"4":{"start":{"line":27,"column":8},"end":{"line":27,"column":109}},"5":{"start":{"line":32,"column":8},"end":{"line":32,"column":64}},"6":{"start":{"line":33,"column":8},"end":{"line":33,"column":65}},"7":{"start":{"line":34,"column":8},"end":{"line":34,"column":109}},"8":{"start":{"line":39,"column":8},"end":{"line":39,"column":62}},"9":{"start":{"line":40,"column":8},"end":{"line":40,"column":69}},"10":{"start":{"line":41,"column":8},"end":{"line":41,"column":61}},"11":{"start":{"line":42,"column":8},"end":{"line":42,"column":63}},"12":{"start":{"line":45,"column":8},"end":{"line":45,"column":71}},"13":{"start":{"line":46,"column":8},"end":{"line":46,"column":78}},"14":{"start":{"line":47,"column":8},"end":{"line":47,"column":101}}},"branchMap":{"1":{"line":14,"type":"if","locations":[{"start":{"line":14,"column":8},"end":{"line":14,"column":8}},{"start":{"line":14,"column":8},"end":{"line":14,"column":8}}]},"2":{"line":25,"type":"if","locations":[{"start":{"line":25,"column":8},"end":{"line":25,"column":8}},{"start":{"line":25,"column":8},"end":{"line":25,"column":8}}]},"3":{"line":26,"type":"if","locations":[{"start":{"line":26,"column":8},"end":{"line":26,"column":8}},{"start":{"line":26,"column":8},"end":{"line":26,"column":8}}]},"4":{"line":27,"type":"if","locations":[{"start":{"line":27,"column":8},"end":{"line":27,"column":8}},{"start":{"line":27,"column":8},"end":{"line":27,"column":8}}]},"5":{"line":32,"type":"if","locations":[{"start":{"line":32,"column":8},"end":{"line":32,"column":8}},{"start":{"line":32,"column":8},"end":{"line":32,"column":8}}]},"6":{"line":33,"type":"if","locations":[{"start":{"line":33,"column":8},"end":{"line":33,"column":8}},{"start":{"line":33,"column":8},"end":{"line":33,"column":8}}]},"7":{"line":34,"type":"if","locations":[{"start":{"line":34,"column":8},"end":{"line":34,"column":8}},{"start":{"line":34,"column":8},"end":{"line":34,"column":8}}]},"8":{"line":39,"type":"if","locations":[{"start":{"line":39,"column":8},"end":{"line":39,"column":8}},{"start":{"line":39,"column":8},"end":{"line":39,"column":8}}]},"9":{"line":40,"type":"if","locations":[{"start":{"line":40,"column":8},"end":{"line":40,"column":8}},{"start":{"line":40,"column":8},"end":{"line":40,"column":8}}]},"10":{"line":41,"type":"if","locations":[{"start":{"line":41,"column":8},"end":{"line":41,"column":8}},{"start":{"line":41,"column":8},"end":{"line":41,"column":8}}]},"11":{"line":42,"type":"if","locations":[{"start":{"line":42,"column":8},"end":{"line":42,"column":8}},{"start":{"line":42,"column":8},"end":{"line":42,"column":8}}]},"12":{"line":45,"type":"if","locations":[{"start":{"line":45,"column":8},"end":{"line":45,"column":8}},{"start":{"line":45,"column":8},"end":{"line":45,"column":8}}]},"13":{"line":46,"type":"if","locations":[{"start":{"line":46,"column":8},"end":{"line":46,"column":8}},{"start":{"line":46,"column":8},"end":{"line":46,"column":8}}]},"14":{"line":47,"type":"if","locations":[{"start":{"line":47,"column":8},"end":{"line":47,"column":8}},{"start":{"line":47,"column":8},"end":{"line":47,"column":8}}]}}},"contracts/SaferDoubleDepositEscrow.sol":{"l":{"25":5,"26":5,"27":5,"28":3,"37":69,"38":67,"40":66,"41":66,"42":66,"43":66,"47":13,"48":12,"49":11,"51":10,"52":10,"56":13,"57":12,"58":11,"60":10,"61":10,"65":10,"66":9,"67":8,"68":7,"69":6,"71":6,"72":6,"74":6,"75":6,"77":6,"78":6,"80":6,"84":5,"85":5,"87":3,"89":3,"90":3,"92":3,"96":2,"100":3},"path":"/Users/felix.nyabwari/School - MDX/Dissertation/DTechnical/escrow/contracts/SaferDoubleDepositEscrow.sol","s":{"1":5,"2":69,"3":67,"4":13,"5":12,"6":11,"7":10,"8":13,"9":12,"10":11,"11":10,"12":10,"13":9,"14":8,"15":7,"16":6,"17":6,"18":6,"19":6,"20":5,"21":5,"22":3,"23":3,"24":3,"25":2,"26":3},"b":{"1":[5,0],"2":[67,2],"3":[66,1],"4":[12,1],"5":[11,1],"6":[10,1],"7":[12,1],"8":[11,1],"9":[10,1],"10":[9,1],"11":[8,1],"12":[7,1],"13":[6,1],"14":[6,0],"15":[5,0],"16":[3,2],"17":[3,0]},"f":{"1":5,"2":69,"3":13,"4":13,"5":10,"6":5,"7":2,"8":3},"fnMap":{"1":{"name":"nonReentrant","line":24,"loc":{"start":{"line":24,"column":4},"end":{"line":29,"column":4}}},"2":{"name":"constructor","line":31,"loc":{"start":{"line":31,"column":4},"end":{"line":44,"column":4}}},"3":{"name":"buyerDeposit","line":46,"loc":{"start":{"line":46,"column":4},"end":{"line":53,"column":4}}},"4":{"name":"sellerDeposit","line":55,"loc":{"start":{"line":55,"column":4},"end":{"line":62,"column":4}}},"5":{"name":"approve","line":64,"loc":{"start":{"line":64,"column":4},"end":{"line":81,"column":4}}},"6":{"name":"withdraw","line":83,"loc":{"start":{"line":83,"column":4},"end":{"line":93,"column":4}}},"7":{"name":"pendingWithdrawal","line":95,"loc":{"start":{"line":95,"column":4},"end":{"line":97,"column":4}}},"8":{"name":"contractBalance","line":99,"loc":{"start":{"line":99,"column":4},"end":{"line":101,"column":4}}}},"statementMap":{"1":{"start":{"line":25,"column":8},"end":{"line":25,"column":55}},"2":{"start":{"line":37,"column":8},"end":{"line":37,"column":77}},"3":{"start":{"line":38,"column":8},"end":{"line":38,"column":78}},"4":{"start":{"line":47,"column":8},"end":{"line":47,"column":49}},"5":{"start":{"line":48,"column":8},"end":{"line":48,"column":58}},"6":{"start":{"line":49,"column":8},"end":{"line":49,"column":70}},"7":{"start":{"line":52,"column":8},"end":{"line":52,"column":50}},"8":{"start":{"line":56,"column":8},"end":{"line":56,"column":51}},"9":{"start":{"line":57,"column":8},"end":{"line":57,"column":60}},"10":{"start":{"line":58,"column":8},"end":{"line":58,"column":70}},"11":{"start":{"line":61,"column":8},"end":{"line":61,"column":51}},"12":{"start":{"line":65,"column":8},"end":{"line":65,"column":61}},"13":{"start":{"line":66,"column":8},"end":{"line":66,"column":47}},"14":{"start":{"line":67,"column":8},"end":{"line":67,"column":53}},"15":{"start":{"line":68,"column":8},"end":{"line":68,"column":55}},"16":{"start":{"line":69,"column":8},"end":{"line":69,"column":46}},"17":{"start":{"line":74,"column":8},"end":{"line":74,"column":60}},"18":{"start":{"line":75,"column":8},"end":{"line":75,"column":59}},"19":{"start":{"line":80,"column":8},"end":{"line":80,"column":33}},"20":{"start":{"line":84,"column":8},"end":{"line":84,"column":44}},"21":{"start":{"line":85,"column":8},"end":{"line":85,"column":49}},"22":{"start":{"line":89,"column":8},"end":{"line":89,"column":65}},"23":{"start":{"line":90,"column":8},"end":{"line":90,"column":37}},"24":{"start":{"line":92,"column":8},"end":{"line":92,"column":43}},"25":{"start":{"line":96,"column":8},"end":{"line":96,"column":28}},"26":{"start":{"line":100,"column":8},"end":{"line":100,"column":36}}},"branchMap":{"1":{"line":25,"type":"if","locations":[{"start":{"line":25,"column":8},"end":{"line":25,"column":8}},{"start":{"line":25,"column":8},"end":{"line":25,"column":8}}]},"2":{"line":37,"type":"if","locations":[{"start":{"line":37,"column":8},"end":{"line":37,"column":8}},{"start":{"line":37,"column":8},"end":{"line":37,"column":8}}]},"3":{"line":38,"type":"if","locations":[{"start":{"line":38,"column":8},"end":{"line":38,"column":8}},{"start":{"line":38,"column":8},"end":{"line":38,"column":8}}]},"4":{"line":47,"type":"if","locations":[{"start":{"line":47,"column":8},"end":{"line":47,"column":8}},{"start":{"line":47,"column":8},"end":{"line":47,"column":8}}]},"5":{"line":48,"type":"if","locations":[{"start":{"line":48,"column":8},"end":{"line":48,"column":8}},{"start":{"line":48,"column":8},"end":{"line":48,"column":8}}]},"6":{"line":49,"type":"if","locations":[{"start":{"line":49,"column":8},"end":{"line":49,"column":8}},{"start":{"line":49,"column":8},"end":{"line":49,"column":8}}]},"7":{"line":56,"type":"if","locations":[{"start":{"line":56,"column":8},"end":{"line":56,"column":8}},{"start":{"line":56,"column":8},"end":{"line":56,"column":8}}]},"8":{"line":57,"type":"if","locations":[{"start":{"line":57,"column":8},"end":{"line":57,"column":8}},{"start":{"line":57,"column":8},"end":{"line":57,"column":8}}]},"9":{"line":58,"type":"if","locations":[{"start":{"line":58,"column":8},"end":{"line":58,"column":8}},{"start":{"line":58,"column":8},"end":{"line":58,"column":8}}]},"10":{"line":65,"type":"if","locations":[{"start":{"line":65,"column":8},"end":{"line":65,"column":8}},{"start":{"line":65,"column":8},"end":{"line":65,"column":8}}]},"11":{"line":66,"type":"if","locations":[{"start":{"line":66,"column":8},"end":{"line":66,"column":8}},{"start":{"line":66,"column":8},"end":{"line":66,"column":8}}]},"12":{"line":67,"type":"if","locations":[{"start":{"line":67,"column":8},"end":{"line":67,"column":8}},{"start":{"line":67,"column":8},"end":{"line":67,"column":8}}]},"13":{"line":68,"type":"if","locations":[{"start":{"line":68,"column":8},"end":{"line":68,"column":8}},{"start":{"line":68,"column":8},"end":{"line":68,"column":8}}]},"14":{"line":69,"type":"if","locations":[{"start":{"line":69,"column":8},"end":{"line":69,"column":8}},{"start":{"line":69,"column":8},"end":{"line":69,"column":8}}]},"15":{"line":83,"type":"if","locations":[{"start":{"line":83,"column":33},"end":{"line":83,"column":33}},{"start":{"line":83,"column":33},"end":{"line":83,"column":33}}]},"16":{"line":85,"type":"if","locations":[{"start":{"line":85,"column":8},"end":{"line":85,"column":8}},{"start":{"line":85,"column":8},"end":{"line":85,"column":8}}]},"17":{"line":90,"type":"if","locations":[{"start":{"line":90,"column":8},"end":{"line":90,"column":8}},{"start":{"line":90,"column":8},"end":{"line":90,"column":8}}]}}}}