{"contracts/DoubleDepositEscrow.sol":{"l":{"13":67,"14":66,"15":66,"16":66,"17":66,"18":66,"19":66,"20":66,"24":11,"25":10,"26":9,"27":8,"31":11,"32":10,"33":9,"34":8,"38":10,"39":9,"40":8,"41":6,"42":5,"52":5,"53":5,"55":4,"56":4,"58":3,"59":3},"path":"/Users/felix.nyabwari/School - MDX/Dissertation/DTechnical/escrow/contracts/DoubleDepositEscrow.sol","s":{"1":67,"2":11,"3":10,"4":9,"5":11,"6":10,"7":9,"8":10,"9":9,"10":8,"11":6,"12":5,"13":5,"14":4,"15":4,"16":3,"17":3},"b":{"1":[66,1],"2":[10,1],"3":[9,1],"4":[8,1],"5":[10,1],"6":[9,1],"7":[8,1],"8":[9,1],"9":[8,1],"10":[6,2],"11":[5,1],"12":[4,1],"13":[3,1],"14":[2,1]},"f":{"1":67,"2":11,"3":11,"4":10},"fnMap":{"1":{"name":"constructor","line":12,"loc":{"start":{"line":12,"column":4},"end":{"line":21,"column":4}}},"2":{"name":"buyer_deposit","line":23,"loc":{"start":{"line":23,"column":4},"end":{"line":28,"column":4}}},"3":{"name":"seller_deposit","line":30,"loc":{"start":{"line":30,"column":4},"end":{"line":35,"column":4}}},"4":{"name":"approve","line":37,"loc":{"start":{"line":37,"column":4},"end":{"line":60,"column":4}}}},"statementMap":{"1":{"start":{"line":13,"column":8},"end":{"line":13,"column":101}},"2":{"start":{"line":24,"column":8},"end":{"line":24,"column":62}},"3":{"start":{"line":25,"column":8},"end":{"line":25,"column":63}},"4":{"start":{"line":26,"column":8},"end":{"line":26,"column":109}},"5":{"start":{"line":31,"column":8},"end":{"line":31,"column":64}},"6":{"start":{"line":32,"column":8},"end":{"line":32,"column":65}},"7":{"start":{"line":33,"column":8},"end":{"line":33,"column":109}},"8":{"start":{"line":38,"column":8},"end":{"line":38,"column":62}},"9":{"start":{"line":39,"column":8},"end":{"line":39,"column":69}},"10":{"start":{"line":40,"column":8},"end":{"line":40,"column":61}},"11":{"start":{"line":41,"column":8},"end":{"line":41,"column":63}},"12":{"start":{"line":52,"column":8},"end":{"line":52,"column":59}},"13":{"start":{"line":53,"column":8},"end":{"line":53,"column":47}},"14":{"start":{"line":55,"column":8},"end":{"line":55,"column":59}},"15":{"start":{"line":56,"column":8},"end":{"line":56,"column":54}},"16":{"start":{"line":58,"column":8},"end":{"line":58,"column":74}},"17":{"start":{"line":59,"column":8},"end":{"line":59,"column":62}}},"branchMap":{"1":{"line":13,"type":"if","locations":[{"start":{"line":13,"column":8},"end":{"line":13,"column":8}},{"start":{"line":13,"column":8},"end":{"line":13,"column":8}}]},"2":{"line":24,"type":"if","locations":[{"start":{"line":24,"column":8},"end":{"line":24,"column":8}},{"start":{"line":24,"column":8},"end":{"line":24,"column":8}}]},"3":{"line":25,"type":"if","locations":[{"start":{"line":25,"column":8},"end":{"line":25,"column":8}},{"start":{"line":25,"column":8},"end":{"line":25,"column":8}}]},"4":{"line":26,"type":"if","locations":[{"start":{"line":26,"column":8},"end":{"line":26,"column":8}},{"start":{"line":26,"column":8},"end":{"line":26,"column":8}}]},"5":{"line":31,"type":"if","locations":[{"start":{"line":31,"column":8},"end":{"line":31,"column":8}},{"start":{"line":31,"column":8},"end":{"line":31,"column":8}}]},"6":{"line":32,"type":"if","locations":[{"start":{"line":32,"column":8},"end":{"line":32,"column":8}},{"start":{"line":32,"column":8},"end":{"line":32,"column":8}}]},"7":{"line":33,"type":"if","locations":[{"start":{"line":33,"column":8},"end":{"line":33,"column":8}},{"start":{"line":33,"column":8},"end":{"line":33,"column":8}}]},"8":{"line":38,"type":"if","locations":[{"start":{"line":38,"column":8},"end":{"line":38,"column":8}},{"start":{"line":38,"column":8},"end":{"line":38,"column":8}}]},"9":{"line":39,"type":"if","locations":[{"start":{"line":39,"column":8},"end":{"line":39,"column":8}},{"start":{"line":39,"column":8},"end":{"line":39,"column":8}}]},"10":{"line":40,"type":"if","locations":[{"start":{"line":40,"column":8},"end":{"line":40,"column":8}},{"start":{"line":40,"column":8},"end":{"line":40,"column":8}}]},"11":{"line":41,"type":"if","locations":[{"start":{"line":41,"column":8},"end":{"line":41,"column":8}},{"start":{"line":41,"column":8},"end":{"line":41,"column":8}}]},"12":{"line":53,"type":"if","locations":[{"start":{"line":53,"column":8},"end":{"line":53,"column":8}},{"start":{"line":53,"column":8},"end":{"line":53,"column":8}}]},"13":{"line":56,"type":"if","locations":[{"start":{"line":56,"column":8},"end":{"line":56,"column":8}},{"start":{"line":56,"column":8},"end":{"line":56,"column":8}}]},"14":{"line":59,"type":"if","locations":[{"start":{"line":59,"column":8},"end":{"line":59,"column":8}},{"start":{"line":59,"column":8},"end":{"line":59,"column":8}}]}}}}