TN:
SF:/Users/felix.nyabwari/School - MDX/Dissertation/DTechnical/escrow/contracts/DoubleDepositEscrow.sol
FN:12,constructor
FN:23,buyer_deposit
FN:30,seller_deposit
FN:37,approve
FNF:4
FNH:4
FNDA:61,constructor
FNDA:10,buyer_deposit
FNDA:10,seller_deposit
FNDA:9,approve
DA:13,61
DA:14,60
DA:15,60
DA:16,60
DA:17,60
DA:18,60
DA:19,60
DA:20,60
DA:24,10
DA:25,9
DA:26,8
DA:27,7
DA:31,10
DA:32,9
DA:33,8
DA:34,7
DA:38,9
DA:39,8
DA:40,7
DA:41,5
DA:42,4
DA:49,4
DA:50,4
DA:52,4
DA:53,4
DA:55,3
DA:56,3
LF:27
LH:27
BRDA:13,1,0,60
BRDA:13,1,1,1
BRDA:24,2,0,9
BRDA:24,2,1,1
BRDA:25,3,0,8
BRDA:25,3,1,1
BRDA:26,4,0,7
BRDA:26,4,1,1
BRDA:31,5,0,9
BRDA:31,5,1,1
BRDA:32,6,0,8
BRDA:32,6,1,1
BRDA:33,7,0,7
BRDA:33,7,1,1
BRDA:38,8,0,8
BRDA:38,8,1,1
BRDA:39,9,0,7
BRDA:39,9,1,1
BRDA:40,10,0,5
BRDA:40,10,1,2
BRDA:41,11,0,4
BRDA:41,11,1,1
BRDA:50,12,0,4
BRDA:50,12,1,0
BRDA:53,13,0,3
BRDA:53,13,1,1
BRDA:56,14,0,2
BRDA:56,14,1,1
BRF:28
BRH:27
end_of_record
