TN:
SF:/Users/felix.nyabwari/School - MDX/Dissertation/DTechnical/escrow/contracts/DoubleDepositEscrow.sol
FN:12,constructor
FN:23,buyer_deposit
FN:30,seller_deposit
FN:37,approve
FNF:4
FNH:4
FNDA:67,constructor
FNDA:11,buyer_deposit
FNDA:11,seller_deposit
FNDA:10,approve
DA:13,67
DA:14,66
DA:15,66
DA:16,66
DA:17,66
DA:18,66
DA:19,66
DA:20,66
DA:24,11
DA:25,10
DA:26,9
DA:27,8
DA:31,11
DA:32,10
DA:33,9
DA:34,8
DA:38,10
DA:39,9
DA:40,8
DA:41,6
DA:42,5
DA:49,5
DA:50,5
DA:52,4
DA:53,4
DA:55,3
DA:56,3
LF:27
LH:27
BRDA:13,1,0,66
BRDA:13,1,1,1
BRDA:24,2,0,10
BRDA:24,2,1,1
BRDA:25,3,0,9
BRDA:25,3,1,1
BRDA:26,4,0,8
BRDA:26,4,1,1
BRDA:31,5,0,10
BRDA:31,5,1,1
BRDA:32,6,0,9
BRDA:32,6,1,1
BRDA:33,7,0,8
BRDA:33,7,1,1
BRDA:38,8,0,9
BRDA:38,8,1,1
BRDA:39,9,0,8
BRDA:39,9,1,1
BRDA:40,10,0,6
BRDA:40,10,1,2
BRDA:41,11,0,5
BRDA:41,11,1,1
BRDA:50,12,0,4
BRDA:50,12,1,1
BRDA:53,13,0,3
BRDA:53,13,1,1
BRDA:56,14,0,2
BRDA:56,14,1,1
BRF:28
BRH:28
end_of_record
